------------------------------------------------------------------------------------------------------------------------

[2020-11-15 17:51:04 #1 store] 
Database 'C:\Users\gorka\Desktop\Bets2021\src\main\resources\bets.temp' is opened by 14396@DESKTOP-H4LV7HH

[2020-11-15 17:51:04 #2 type] 
Type domain.Question is not enhanced.

[2020-11-15 17:51:04 #3 type] 
Type domain.Event is not enhanced.

------------------------------------------------------------------------------------------------------------------------

[2020-11-15 18:03:41 #1 store] 
Database 'C:\Users\gorka\Desktop\Bets2021\src\main\resources\bets.temp' is opened by 30472@DESKTOP-H4LV7HH

[2020-11-15 18:03:41 #2 type] 
Type domain.Question is not enhanced.

[2020-11-15 18:03:41 #3 type] 
Type domain.Event is not enhanced.

------------------------------------------------------------------------------------------------------------------------

[2020-11-15 19:35:08 #1 store] 
Database 'C:\Users\gorka\Desktop\Bets2021\src\main\resources\bets.temp' is opened by 28228@DESKTOP-H4LV7HH

[2020-11-15 19:35:09 #2 type] 
Type domain.Question is not enhanced.

[2020-11-15 19:35:09 #3 type] 
Type domain.Event is not enhanced.

------------------------------------------------------------------------------------------------------------------------

[2020-11-15 19:38:54 #1 store] 
Database 'C:\Users\gorka\Desktop\Bets2021\src\main\resources\bets.temp' is opened by 31936@DESKTOP-H4LV7HH

[2020-11-15 19:38:54 #2 type] 
Type domain.Question is not enhanced.

[2020-11-15 19:38:54 #3 type] 
Type domain.Event is not enhanced.

------------------------------------------------------------------------------------------------------------------------

[2020-11-15 19:40:24 #1 store] 
Database 'C:\Users\gorka\Desktop\Bets2021\src\main\resources\bets.temp' is opened by 10720@DESKTOP-H4LV7HH

[2020-11-15 19:40:24 #2 type] 
Type domain.Question is not enhanced.

[2020-11-15 19:40:24 #3 type] 
Type domain.Event is not enhanced.

------------------------------------------------------------------------------------------------------------------------

[2020-11-15 19:40:43 #1 store] 
Database 'C:\Users\gorka\Desktop\Bets2021\src\main\resources\bets.temp' is opened by 30116@DESKTOP-H4LV7HH

[2020-11-15 19:40:43 #2 type] 
Type domain.Question is not enhanced.

[2020-11-15 19:40:43 #3 type] 
Type domain.Event is not enhanced.

------------------------------------------------------------------------------------------------------------------------

[2020-11-15 19:44:29 #1 store] 
Database 'C:\Users\gorka\Desktop\Bets2021\src\main\resources\bets.temp' is opened by 16224@DESKTOP-H4LV7HH

[2020-11-15 19:44:29 #2 type] 
Type domain.Question is not enhanced.

[2020-11-15 19:44:29 #3 type] 
Type domain.Event is not enhanced.

------------------------------------------------------------------------------------------------------------------------

[2020-11-15 19:45:59 #1 store] 
Database 'C:\Users\gorka\Desktop\Bets2021\src\main\resources\bets.temp' is opened by 3680@DESKTOP-H4LV7HH

[2020-11-15 19:45:59 #2 type] 
Type domain.Question is not enhanced.

[2020-11-15 19:45:59 #3 type] 
Type domain.Event is not enhanced.

------------------------------------------------------------------------------------------------------------------------

[2020-11-15 19:49:57 #1 store] 
Database 'C:\Users\gorka\Desktop\Bets2021\src\main\resources\bets.temp' is opened by 29976@DESKTOP-H4LV7HH

[2020-11-15 19:49:57 #2 type] 
Type domain.Question is not enhanced.

[2020-11-15 19:49:57 #3 type] 
Type domain.Event is not enhanced.

------------------------------------------------------------------------------------------------------------------------

[2020-11-15 19:52:44 #1 store] 
Database 'C:\Users\gorka\Desktop\Bets2021\src\main\resources\bets.temp' is opened by 1848@DESKTOP-H4LV7HH

[2020-11-15 19:52:44 #2 type] 
Type domain.Question is not enhanced.

[2020-11-15 19:52:44 #3 type] 
Type domain.Event is not enhanced.

------------------------------------------------------------------------------------------------------------------------

[2020-11-15 19:53:14 #1 store] 
Database 'C:\Users\gorka\Desktop\Bets2021\src\main\resources\bets.temp' is opened by 6632@DESKTOP-H4LV7HH

[2020-11-15 19:53:14 #2 type] 
Type domain.Question is not enhanced.

[2020-11-15 19:53:14 #3 type] 
Type domain.Event is not enhanced.

------------------------------------------------------------------------------------------------------------------------

[2020-11-15 19:54:54 #1 store] 
Database 'C:\Users\gorka\Desktop\Bets2021\src\main\resources\bets.temp' is opened by 19996@DESKTOP-H4LV7HH

[2020-11-15 19:54:55 #2 type] 
Type domain.Question is not enhanced.

[2020-11-15 19:54:55 #3 type] 
Type domain.Event is not enhanced.

------------------------------------------------------------------------------------------------------------------------

[2020-11-15 19:55:07 #1 store] 
Database 'C:\Users\gorka\Desktop\Bets2021\src\main\resources\bets.temp' is opened by 28388@DESKTOP-H4LV7HH

[2020-11-15 19:55:07 #2 type] 
Type domain.Question is not enhanced.

[2020-11-15 19:55:07 #3 type] 
Type domain.Event is not enhanced.

------------------------------------------------------------------------------------------------------------------------

[2020-11-15 19:55:34 #1 store] 
Database 'C:\Users\gorka\Desktop\Bets2021\src\main\resources\bets.temp' is opened by 24588@DESKTOP-H4LV7HH

[2020-11-15 19:55:34 #2 type] 
Type domain.Question is not enhanced.

[2020-11-15 19:55:34 #3 type] 
Type domain.Event is not enhanced.

------------------------------------------------------------------------------------------------------------------------

[2020-11-15 19:56:14 #1 store] 
Database 'C:\Users\gorka\Desktop\Bets2021\src\main\resources\bets.temp' is opened by 31076@DESKTOP-H4LV7HH

[2020-11-15 19:56:14 #2 type] 
Type domain.Question is not enhanced.

[2020-11-15 19:56:14 #3 type] 
Type domain.Event is not enhanced.

------------------------------------------------------------------------------------------------------------------------

[2020-11-15 19:57:50 #1 store] 
Database 'C:\Users\gorka\Desktop\Bets2021\src\main\resources\bets.temp' is opened by 18488@DESKTOP-H4LV7HH

[2020-11-15 19:57:50 #2 type] 
Type domain.Question is not enhanced.

[2020-11-15 19:57:50 #3 type] 
Type domain.Event is not enhanced.

------------------------------------------------------------------------------------------------------------------------

[2020-11-15 20:04:27 #1 store] 
Database 'C:\Users\gorka\Desktop\Bets2021\src\main\resources\bets.temp' is opened by 16280@DESKTOP-H4LV7HH

[2020-11-15 20:04:27 #2 type] 
Type domain.Question is not enhanced.

[2020-11-15 20:04:27 #3 type] 
Type domain.Event is not enhanced.

------------------------------------------------------------------------------------------------------------------------

[2020-11-15 20:11:02 #1 store] 
Database 'C:\Users\gorka\Desktop\Bets2021\src\main\resources\bets.temp' is opened by 24000@DESKTOP-H4LV7HH

[2020-11-15 20:11:02 #2 type] 
Type domain.Question is not enhanced.

[2020-11-15 20:11:02 #3 type] 
Type domain.Event is not enhanced.

------------------------------------------------------------------------------------------------------------------------

[2020-11-15 22:09:01 #1 store] 
Database 'C:\Users\gorka\Desktop\Bets2021\src\main\resources\bets.temp' is opened by 25404@DESKTOP-H4LV7HH

[2020-11-15 22:09:01 #2 type] 
Type domain.Question is not enhanced.

[2020-11-15 22:09:01 #3 type] 
Type domain.Event is not enhanced.

------------------------------------------------------------------------------------------------------------------------

[2020-11-15 22:28:02 #1 store] 
Database 'C:\Users\gorka\Desktop\Bets2021\src\main\resources\bets.temp' is opened by 13212@DESKTOP-H4LV7HH

[2020-11-15 22:28:02 #2 type] 
Type domain.Question is not enhanced.

[2020-11-15 22:28:02 #3 type] 
Type domain.Event is not enhanced.

------------------------------------------------------------------------------------------------------------------------

[2020-11-15 22:52:34 #1 store] 
Database 'C:\Users\gorka\Desktop\Bets2021\src\main\resources\bets.temp' is opened by 5092@DESKTOP-H4LV7HH

[2020-11-15 22:52:34 #2 type] 
Type domain.Question is not enhanced.

[2020-11-15 22:52:34 #3 type] 
Type domain.Event is not enhanced.

------------------------------------------------------------------------------------------------------------------------

[2020-11-15 23:04:15 #1 store] 
Database 'C:\Users\gorka\Desktop\Bets2021\src\main\resources\bets.temp' is opened by 27572@DESKTOP-H4LV7HH

[2020-11-15 23:04:15 #2 type] 
Type domain.Question is not enhanced.

[2020-11-15 23:04:15 #3 type] 
Type domain.Event is not enhanced.

