------------------------------------------------------------------------------------------------------------------------

[2020-11-16 00:45:56 #1 store] 
Database 'C:\Users\gorka\Desktop\Bets2021\src\main\resources\bets.temp' is opened by 15300@DESKTOP-H4LV7HH

[2020-11-16 00:45:56 #2 type] 
Type domain.Question is not enhanced.

[2020-11-16 00:45:56 #3 type] 
Type domain.Event is not enhanced.

------------------------------------------------------------------------------------------------------------------------

[2020-11-16 00:46:23 #1 store] 
Database 'C:\Users\gorka\Desktop\Bets2021\src\main\resources\bets.temp' is opened by 26904@DESKTOP-H4LV7HH

[2020-11-16 00:46:23 #2 type] 
Type domain.Question is not enhanced.

[2020-11-16 00:46:23 #3 type] 
Type domain.Event is not enhanced.

------------------------------------------------------------------------------------------------------------------------

[2020-11-16 00:56:40 #1 store] 
Database 'C:\Users\gorka\Desktop\Bets2021\src\main\resources\bets.temp' is opened by 12228@DESKTOP-H4LV7HH

[2020-11-16 00:56:40 #2 type] 
Type domain.Question is not enhanced.

[2020-11-16 00:56:40 #3 type] 
Type domain.Event is not enhanced.

